IOS257 get_ios_base: 
a8 19 f3 9, 82 2 67 85, 5d fd aa da, bd 5b 20 cc, ba 3 cc 78

IOS256 get_ios_base: 
9b dd e2 3c, cd 56 a0 ca, d7 ca fd ce, 51 a3 40 d2, 13 42 9a a4

IOS236 get_ios_base: 
7c 41 3b 1, d2 d4 b0 fe, 1 dc 37 5d, 5d db 5f 15, d2 db d7 45

IOS80 get_ios_base: 
fc 2f 8e ed, b3 14 ca 18, 2b 8e 9c 7f, 6d b0 80 82, d9 ac b7 3d

IOS70 get_ios_base: 
fc 2f 8e ed, b3 14 ca 18, 2b 8e 9c 7f, 6d b0 80 82, d9 ac b7 3d

IOS62 get_ios_base: 
1d 7f 81 d5, de 4a 2d ca, 76 56 97 3e, 49 ed a4 17, 89 42 33 5f

IOS61 get_ios_base: 
95 f2 cb 4c, e8 d3 d3 76, 45 66 56 40, 35 db cd 7d, cd 99 24 24

IOS60 get_ios_base: 
fc 2f 8e ed, b3 14 ca 18, 2b 8e 9c 7f, 6d b0 80 82, d9 ac b7 3d

IOS58 get_ios_base: 
aa 1 bd 67, 7c 20 dc 28, 9c c6 b0 c9, 48 4b d3 f7, cd bc 4b 10

IOS57 get_ios_base: 
e7 46 7 56, 4c e8 69 2f, cd e1 19 2, 26 d6 a1 dd, 82 4c ef c

IOS56 get_ios_base: 
1b cc cf 7, f1 c d5 12, be 96 9a a5, d2 36 67 98, 30 71 e6 81

IOS55 get_ios_base: 
c5 0 19 41, 22 18 21 92, b6 39 c9 d2, 5 fe 3f b3, 43 36 ae c

IOS53 get_ios_base: 
78 68 c0 50, 5c d6 d5 15, 65 d7 d8 f, f0 a2 d9 d4, 9e 1d 7d fb

IOS52 get_ios_base: 
57 81 33 80, b6 dc fd 37, 52 92 ba 97, 6d a4 23 92, 62 b e8 72

IOS50 get_ios_base: 
2d cf ae d2, 8f a c4 53, 4b 4b b4 35, 4c 57 e5 fa, aa 7f d1 4f

IOS48 get_ios_base: 
8d 53 7a 4a, 9 51 e5 6b, 2b 65 c8 27, f0 47 bb 72, c3 5c da e2

IOS46 get_ios_base: 
f5 e0 93 27, 26 cb 68 7b, ac e7 cc 86, 39 77 71 d1, ba 9e 42 36

IOS45 get_ios_base: 
8 58 11 20, 6b 3a e5 9f, b9 10 16 8b, 8a ea 6 3d, 9c 14 80 ef

IOS43 get_ios_base: 
f8 46 be 2, 74 e7 90 a3, d9 0 9a ae, d5 95 3f 77, e3 3f ad 2a

IOS41 get_ios_base: 
6c ad 7f 85, b6 87 e3 c3, 17 4e 5c 79, 99 fd 1 83, 16 55 fa 6f

IOS40 get_ios_base: 
fc 2f 8e ed, b3 14 ca 18, 2b 8e 9c 7f, 6d b0 80 82, d9 ac b7 3d

IOS38 get_ios_base: 
f5 77 6b 66, cd 74 12 ee, 19 12 5c 11, 54 bf d7 3e, d7 e4 af 4b

IOS37 get_ios_base: 
32 c7 bc 54, 92 f6 17 e2, 64 26 e3 ce, bd 36 9f 40, 42 ea e8 2

IOS36 get_ios_base: 
29 36 80 6, 7d 22 7e 9f, 1c b1 af 70, 32 69 25 6d, 73 fb 14 55

IOS35 get_ios_base: 
58 5e 4 25, 45 d4 e2 8e, 98 fe d cd, 76 d0 71 d6, ac 17 a0 9c

IOS34 get_ios_base: 
68 8a 19 ae, c4 9f 57 fb, 11 1b 31 49, 2b 4d b4 85, 25 a6 3f 72

IOS33 get_ios_base: 
fc cf c4 1b, fc 8c 12 9e, 1f 67 5b 42, d4 3d 10 d6, 56 4f f5 f9

IOS31 get_ios_base: 
71 5f d8 87, 67 3e 32 4c, 53 c5 0 ce, 2b 50 14 f7, f2 ff e8 31

IOS30 get_ios_base: 
fc 2f 8e ed, b3 14 ca 18, 2b 8e 9c 7f, 6d b0 80 82, d9 ac b7 3d

IOS28 get_ios_base: 
5c cd 8 24, 19 7b 9a 2, 17 55 5d f9, 39 dc dc 49, 73 ea 75 6a

IOS22 get_ios_base: 
8d 84 49 8b, f5 ba 6c a8, f0 58 64 10, 40 25 cd 1c, 25 9b 8a f6

IOS21 get_ios_base: 
91 ba e4 26, 1b 49 f0 95, e0 8c 21 17, e1 fa 8b e9, 92 6d eb 1b

IOS20 get_ios_base: 
fc 2f 8e ed, b3 14 ca 18, 2b 8e 9c 7f, 6d b0 80 82, d9 ac b7 3d

IOS17 get_ios_base: 
77 7b 4c cb, 9a fb fe fc, 20 ee 4c e, 58 a1 6b ff, a0 20 a2 23

IOS15 get_ios_base: 
74 7c e3 33, 83 94 97 d7, a2 86 67 47, 55 61 83 a, d0 3c 60 48

IOS14 get_ios_base: 
3d 56 e 38, ce 93 90 4f, 42 b7 8f e9, b7 86 f1 a8, f9 39 b6 ce

IOS13 get_ios_base: 
5e a2 9d 72, 7e 56 37 26, 3f 62 3d 78, 1c 3 d2 f3, f5 40 52 5c

IOS12 get_ios_base: 
ba bf a4 78, da 4e 6 ec, f0 53 1a f0, 7f ad e2 eb, ff 3f cb 5d

IOS11 get_ios_base: 
fc 2f 8e ed, b3 14 ca 18, 2b 8e 9c 7f, 6d b0 80 82, d9 ac b7 3d

IOS9 get_ios_base: 
7c 7a 60 f, e4 85 77 89, 64 5a a1 a0, be a3 4d 59, 83 68 75 a6


